#
# There is insufficient memory for the Java Runtime Environment to continue.
# Native memory allocation (mmap) failed to map 123731968 bytes for Failed to commit area from 0x000000008a200000 to 0x0000000091800000 of length 123731968.
# Possible reasons:
#   The system is out of physical RAM or swap space
#   The process is running with CompressedOops enabled, and the Java Heap may be blocking the growth of the native heap
# Possible solutions:
#   Reduce memory load on the system
#   Increase physical memory or swap space
#   Check if swap backing store is full
#   Decrease Java heap size (-Xmx/-Xms)
#   Decrease number of Java threads
#   Decrease Java thread stack sizes (-Xss)
#   Set larger code cache with -XX:ReservedCodeCacheSize=
# This output file may be truncated or incomplete.
#
#  Out of Memory Error (./src/hotspot/os/windows/os_windows.cpp:3624), pid=19260, tid=12040
#
# JRE version:  (11.0.14.1+1) (build )
# Java VM: OpenJDK 64-Bit Server VM (11.0.14.1+1-b1751.46, mixed mode, sharing, tiered, compressed oops, g1 gc, windows-amd64)
# No core dump will be written. Minidumps are not enabled by default on client versions of Windows
#

---------------  S U M M A R Y ------------

Command Line: git4idea.http.GitAskPassApp Username for 'https://github.com': 

Host: AMD Ryzen 5 4500U with Radeon Graphics         , 6 cores, 7G,  Windows 10 , 64 bit Build 19041 (10.0.19041.1706)
Time: Tue May 31 15:54:34 2022 Финляндия (лето) elapsed time: 0.015723 seconds (0d 0h 0m 0s)

---------------  T H R E A D  ---------------

Current thread (0x00000263b389b000):  JavaThread "Unknown thread" [_thread_in_vm, id=12040, stack(0x00000091c0600000,0x00000091c0700000)]

Stack: [0x00000091c0600000,0x00000091c0700000]
Native frames: (J=compiled Java code, j=interpreted, Vv=VM code, C=native code)
V  [jvm.dll+0x61601a]
V  [jvm.dll+0x79c3b0]
V  [jvm.dll+0x79d9cd]
V  [jvm.dll+0x79e0a3]
V  [jvm.dll+0x24ca38]
V  [jvm.dll+0x613074]
V  [jvm.dll+0x607d75]
V  [jvm.dll+0x30b05b]
V  [jvm.dll+0x30afca]
V  [jvm.dll+0x30aea2]
V  [jvm.dll+0x30fde6]
V  [jvm.dll+0x35b473]
V  [jvm.dll+0x35bb76]
V  [jvm.dll+0x35b573]
V  [jvm.dll+0x2e57b8]
V  [jvm.dll+0x2e6967]
V  [jvm.dll+0x779377]
V  [jvm.dll+0x77ab6c]
V  [jvm.dll+0x368a19]
V  [jvm.dll+0x75ce8e]
V  [jvm.dll+0x3d6aa3]
V  [jvm.dll+0x3d8ff1]
C  [jli.dll+0x536b]
C  [ucrtbase.dll+0x21bb2]
C  [KERNEL32.DLL+0x17034]
C  [ntdll.dll+0x52651]


---------------  P R O C E S S  ---------------

Threads class SMR info:
_java_thread_list=0x00000263b1e70150, length=0, elements={
}

Java Threads: ( => current thread )

Other Threads:
  0x00000263b38b7000 GCTaskThread "GC Thread#0" [stack: 0x00000091c0700000,0x00000091c0800000] [id=32304]
  0x00000263b38e4000 ConcurrentGCThread "G1 Main Marker" [stack: 0x00000091c0800000,0x00000091c0900000] [id=1072]
  0x00000263b38e5800 ConcurrentGCThread "G1 Conc#0" [stack: 0x00000091c0900000,0x00000091c0a00000] [id=27656]

[error occurred during error reporting (printing all threads), id 0xc0000005, EXCEPTION_ACCESS_VIOLATION (0xc0000005) at pc=0x00007ffb6e975f37]

VM state:not at safepoint (not fully initialized)

VM Mutex/Monitor currently owned by a thread:  ([mutex/lock_event])
[0x00000263b3897ff0] Heap_lock - owner thread: 0x00000263b389b000

Heap address: 0x000000008a200000, size: 1886 MB, Compressed Oops mode: Non-zero based: 0x000000008a200000
Narrow klass base: 0x0000000000000000, Narrow klass shift: 0

GC Heap History (0 events):
No events

Deoptimization events (0 events):
No events

Classes redefined (0 events):
No events

Internal exceptions (0 events):
No events

Events (1 events):
Event: 0.011 Loaded shared library C:\Program Files\JetBrains\IntelliJ IDEA Community Edition 2021.3.2\jbr\bin\zip.dll


Dynamic libraries:
0x00007ff7f7470000 - 0x00007ff7f747a000 	C:\Program Files\JetBrains\IntelliJ IDEA Community Edition 2021.3.2\jbr\bin\java.exe
0x00007ffbd3a90000 - 0x00007ffbd3c85000 	C:\windows\SYSTEM32\ntdll.dll
0x00007ffbd24d0000 - 0x00007ffbd258d000 	C:\windows\System32\KERNEL32.DLL
0x00007ffbd14b0000 - 0x00007ffbd177d000 	C:\windows\System32\KERNELBASE.dll
0x00007ffbd1780000 - 0x00007ffbd1880000 	C:\windows\System32\ucrtbase.dll
0x00007ffbb4830000 - 0x00007ffbb4846000 	C:\Program Files\JetBrains\IntelliJ IDEA Community Edition 2021.3.2\jbr\bin\VCRUNTIME140.dll
0x00007ffbb3800000 - 0x00007ffbb3819000 	C:\Program Files\JetBrains\IntelliJ IDEA Community Edition 2021.3.2\jbr\bin\jli.dll
0x00007ffbd2d90000 - 0x00007ffbd2f30000 	C:\windows\System32\USER32.dll
0x00007ffbc40f0000 - 0x00007ffbc438a000 	C:\windows\WinSxS\amd64_microsoft.windows.common-controls_6595b64144ccf1df_6.0.19041.1110_none_60b5254171f9507e\COMCTL32.dll
0x00007ffbd1a00000 - 0x00007ffbd1a22000 	C:\windows\System32\win32u.dll
0x00007ffbd28b0000 - 0x00007ffbd294e000 	C:\windows\System32\msvcrt.dll
0x00007ffbd3070000 - 0x00007ffbd309a000 	C:\windows\System32\GDI32.dll
0x00007ffbd13a0000 - 0x00007ffbd14ab000 	C:\windows\System32\gdi32full.dll
0x00007ffbd11a0000 - 0x00007ffbd123d000 	C:\windows\System32\msvcp_win.dll
0x00007ffbd27d0000 - 0x00007ffbd2800000 	C:\windows\System32\IMM32.DLL
0x00007ffba0af0000 - 0x00007ffba0b9a000 	C:\Program Files\JetBrains\IntelliJ IDEA Community Edition 2021.3.2\jbr\bin\msvcp140.dll
0x00007ffb6e680000 - 0x00007ffb6f1fa000 	C:\Program Files\JetBrains\IntelliJ IDEA Community Edition 2021.3.2\jbr\bin\server\jvm.dll
0x00007ffbd2800000 - 0x00007ffbd28ae000 	C:\windows\System32\ADVAPI32.dll
0x00007ffbd2730000 - 0x00007ffbd27cc000 	C:\windows\System32\sechost.dll
0x00007ffbd30a0000 - 0x00007ffbd31c5000 	C:\windows\System32\RPCRT4.dll
0x00007ffbd2d80000 - 0x00007ffbd2d88000 	C:\windows\System32\PSAPI.DLL
0x00007ffbbf670000 - 0x00007ffbbf679000 	C:\windows\SYSTEM32\WSOCK32.dll
0x00007ffbd3800000 - 0x00007ffbd386b000 	C:\windows\System32\WS2_32.dll
0x00007ffbc7f20000 - 0x00007ffbc7f47000 	C:\windows\SYSTEM32\WINMM.dll
0x00007ffbc7f50000 - 0x00007ffbc7f5a000 	C:\windows\SYSTEM32\VERSION.dll
0x00007ffbcefa0000 - 0x00007ffbcefb2000 	C:\windows\SYSTEM32\kernel.appcore.dll
0x00007ffbcd090000 - 0x00007ffbcd0a1000 	C:\Program Files\JetBrains\IntelliJ IDEA Community Edition 2021.3.2\jbr\bin\verify.dll
0x00007ffbbf430000 - 0x00007ffbbf614000 	C:\windows\SYSTEM32\DBGHELP.DLL
0x00007ffbbf400000 - 0x00007ffbbf42c000 	C:\windows\SYSTEM32\dbgcore.DLL
0x00007ffbd18d0000 - 0x00007ffbd1952000 	C:\windows\System32\bcryptPrimitives.dll
0x00007ffbcd060000 - 0x00007ffbcd089000 	C:\Program Files\JetBrains\IntelliJ IDEA Community Edition 2021.3.2\jbr\bin\java.dll
0x00007ffbcce70000 - 0x00007ffbcce7b000 	C:\Program Files\JetBrains\IntelliJ IDEA Community Edition 2021.3.2\jbr\bin\jimage.dll
0x00007ffbccc30000 - 0x00007ffbccc49000 	C:\Program Files\JetBrains\IntelliJ IDEA Community Edition 2021.3.2\jbr\bin\zip.dll

dbghelp: loaded successfully - version: 4.0.5 - missing functions: none
symbol engine: initialized successfully - sym options: 0x614 - pdb path: .;C:\Program Files\JetBrains\IntelliJ IDEA Community Edition 2021.3.2\jbr\bin;C:\windows\SYSTEM32;C:\windows\WinSxS\amd64_microsoft.windows.common-controls_6595b64144ccf1df_6.0.19041.1110_none_60b5254171f9507e;C:\Program Files\JetBrains\IntelliJ IDEA Community Edition 2021.3.2\jbr\bin\server

VM Arguments:
java_command: git4idea.http.GitAskPassApp Username for 'https://github.com': 
java_class_path (initial): C:/Program Files/JetBrains/IntelliJ IDEA Community Edition 2021.3.2/plugins/git4idea/lib/git4idea-rt.jar;C:/Program Files/JetBrains/IntelliJ IDEA Community Edition 2021.3.2/lib/3rd-party.jar;C:/Program Files/JetBrains/IntelliJ IDEA Community Edition 2021.3.2/lib/3rd-party-rt.jar
Launcher Type: SUN_STANDARD

[Global flags]
     intx CICompilerCount                          = 3                                         {product} {ergonomic}
     uint ConcGCThreads                            = 2                                         {product} {ergonomic}
     uint G1ConcRefinementThreads                  = 6                                         {product} {ergonomic}
   size_t G1HeapRegionSize                         = 1048576                                   {product} {ergonomic}
    uintx GCDrainStackTargetSize                   = 64                                        {product} {ergonomic}
   size_t InitialHeapSize                          = 123731968                                 {product} {ergonomic}
   size_t MarkStackSize                            = 4194304                                   {product} {ergonomic}
   size_t MaxHeapSize                              = 1977614336                                {product} {ergonomic}
   size_t MinHeapDeltaBytes                        = 1048576                                   {product} {ergonomic}
    uintx NonNMethodCodeHeapSize                   = 5830732                                {pd product} {ergonomic}
    uintx NonProfiledCodeHeapSize                  = 122913754                              {pd product} {ergonomic}
    uintx ProfiledCodeHeapSize                     = 122913754                              {pd product} {ergonomic}
    uintx ReservedCodeCacheSize                    = 251658240                              {pd product} {ergonomic}
     bool SegmentedCodeCache                       = true                                      {product} {ergonomic}
     bool UseCompressedClassPointers               = true                                 {lp64_product} {ergonomic}
     bool UseCompressedOops                        = true                                 {lp64_product} {ergonomic}
     bool UseG1GC                                  = true                                      {product} {ergonomic}
     bool UseLargePagesIndividualAllocation        = false                                  {pd product} {ergonomic}

Logging:
Log output configuration:
 #0: stdout all=warning uptime,level,tags
 #1: stderr all=off uptime,level,tags

Environment Variables:
PATH=D:\Программы\Git\mingw64\libexec\git-core;D:\Программы\Git\mingw64\libexec\git-core;D:\Программы\Git\mingw64\bin;D:\Программы\Git\usr\bin;C:\Users\Егор\bin;C:\Program Files\Common Files\Oracle\Java\javapath;C:\Program Files (x86)\Common Files\Oracle\Java\javapath;C:\windows\system32;C:\windows;C:\windows\System32\Wbem;C:\windows\System32\WindowsPowerShell\v1.0;C:\windows\System32\OpenSSH;C:\Users\Егор\AppData\Local\Microsoft\WindowsApps;C:\Program Files\JetBrains\IntelliJ IDEA Community Edition 2021.3.2\bin
USERNAME=Егор
DISPLAY=:0.0
LC_ALL=en_US.UTF-8
OS=Windows_NT
PROCESSOR_IDENTIFIER=AMD64 Family 23 Model 96 Stepping 1, AuthenticAMD



---------------  S Y S T E M  ---------------

OS: Windows 10 , 64 bit Build 19041 (10.0.19041.1706)
OS uptime: 14 days 2:02 hours

CPU:total 6 (initial active 6) (6 cores per cpu, 1 threads per core) family 23 model 96 stepping 1 microcode 0x0, cmov, cx8, fxsr, mmx, sse, sse2, sse3, ssse3, sse4.1, sse4.2, popcnt, avx, avx2, aes, clmul, mmxext, 3dnowpref, lzcnt, sse4a, tsc, tscinvbit, tscinv, bmi1, bmi2, adx, sha, fma

Memory: 4k page, system-wide physical 7541M (532M free)
TotalPageFile size 24291M (AvailPageFile size 92M)
current process WorkingSet (physical memory assigned to process): 10M, peak: 10M
current process commit charge ("private bytes"): 56M, peak: 174M

vm_info: OpenJDK 64-Bit Server VM (11.0.14.1+1-b1751.46) for windows-amd64 JRE (11.0.14.1+1-b1751.46), built on Feb 21 2022 15:19:20 by "" with MS VC++ 14.0 (VS2015)

END.
